05-06 12:56:26 replicate_layout.action_replicate_layout 313:Plugin executed on: 'win32'
05-06 12:56:26 replicate_layout.action_replicate_layout 314:Plugin executed with python version: '2.7.18 (default, Apr 20 2020, 16:57:11)  [GCC 9.3.0 64 bit (AMD64)]'
05-06 12:56:26 replicate_layout.action_replicate_layout 315:KiCad build version: (5.1.10)-1
05-06 12:56:26 replicate_layout.action_replicate_layout 316:Replicate layout plugin version: 74 started
05-06 12:56:26 replicate_layout.action_replicate_layout 329:All top level windows titles are:
kicad (5.1.10)-1 c:\users\don\dropbox (partners healthcare)\0 projects\jason shim amp improvement\pcbs\amp ctrl revd4\amp ctrl.pro

pcbnew — c:\users\don\dropbox (partners healthcare)\0 projects\jason shim amp improvement\pcbs\amp ctrl revd4\amp ctrl.kicad_pcb


05-06 12:56:26 replicate_layout.action_replicate_layout 330:All top level windows objects are:
 <wx._windows.Frame; proxy of <Swig Object of type 'wxFrame *' at 0x3277100> >
<wx._windows.Frame; proxy of <Swig Object of type 'wxFrame *' at 0x3186600> >
<wx._windows.Frame; proxy of <Swig Object of type 'wxFrame *' at 0x879a550> >
<wx._windows.Frame; proxy of <Swig Object of type 'wxFrame *' at 0x9475710> >
<wx._windows.Frame; proxy of <Swig Object of type 'wxFrame *' at 0x9477290> >
05-06 12:56:26 replicate_layout.action_replicate_layout 353:Preparing replicator with J8 as a reference
05-06 12:56:26 replicate_layout.replicatelayout 215:getting project hierarchy from schematics
05-06 12:56:26 replicate_layout.replicatelayout 217:Project hierarchy looks like:
{u'6152DE65': [u'Mid. Temp. Sensor', u'C:\\Users\\Don\\Dropbox (Partners HealthCare)\\0 Projects\\Jason shim amp improvement\\pcbs\\amp ctrl revD4\\temp_sensing.sch'], u'614C90A0': [u'Left Temp. Sensor', u'C:\\Users\\Don\\Dropbox (Partners HealthCare)\\0 Projects\\Jason shim amp improvement\\pcbs\\amp ctrl revD4\\temp_sensing.sch'], u'60909F92': [u'Digital Communications', u'C:\\Users\\Don\\Dropbox (Partners HealthCare)\\0 Projects\\Jason shim amp improvement\\pcbs\\amp ctrl revD4\\digital_comms.sch'], u'61376894': [u'Channel 5', u'C:\\Users\\Don\\Dropbox (Partners HealthCare)\\0 Projects\\Jason shim amp improvement\\pcbs\\amp ctrl revD4\\channel.sch'], u'61374DC8': [u'Channel 3', u'C:\\Users\\Don\\Dropbox (Partners HealthCare)\\0 Projects\\Jason shim amp improvement\\pcbs\\amp ctrl revD4\\channel.sch'], u'61373C09': [u'Channel 2', u'C:\\Users\\Don\\Dropbox (Partners HealthCare)\\0 Projects\\Jason shim amp improvement\\pcbs\\amp ctrl revD4\\channel.sch'], u'61375C79': [u'Channel 4', u'C:\\Users\\Don\\Dropbox (Partners HealthCare)\\0 Projects\\Jason shim amp improvement\\pcbs\\amp ctrl revD4\\channel.sch'], u'61377127': [u'Channel 6', u'C:\\Users\\Don\\Dropbox (Partners HealthCare)\\0 Projects\\Jason shim amp improvement\\pcbs\\amp ctrl revD4\\channel.sch'], u'6153FAB1': [u'Right Temp. Sensor', u'C:\\Users\\Don\\Dropbox (Partners HealthCare)\\0 Projects\\Jason shim amp improvement\\pcbs\\amp ctrl revD4\\temp_sensing.sch'], u'609654E7': [u'Digital Controls', u'C:\\Users\\Don\\Dropbox (Partners HealthCare)\\0 Projects\\Jason shim amp improvement\\pcbs\\amp ctrl revD4\\digital.sch'], u'6029848C': [u'Channel 1', u'C:\\Users\\Don\\Dropbox (Partners HealthCare)\\0 Projects\\Jason shim amp improvement\\pcbs\\amp ctrl revD4\\channel.sch'], u'6137853A': [u'Channel 8', u'C:\\Users\\Don\\Dropbox (Partners HealthCare)\\0 Projects\\Jason shim amp improvement\\pcbs\\amp ctrl revD4\\channel.sch'], u'61025F4B': [u'Shutdown Logic (Per-Channel)', u'C:\\Users\\Don\\Dropbox (Partners HealthCare)\\0 Projects\\Jason shim amp improvement\\pcbs\\amp ctrl revD4\\shutdown_logic_per-chan.sch'], u'61377C56': [u'Channel 7', u'C:\\Users\\Don\\Dropbox (Partners HealthCare)\\0 Projects\\Jason shim amp improvement\\pcbs\\amp ctrl revD4\\channel.sch']}
05-06 12:56:26 replicate_layout.replicatelayout 225:getting a list of all footprints on board
05-06 12:56:26 replicate_layout.action_replicate_layout 380:source anchor footprint is u'J8'
Located on:[u'Channel 1']
With filenames:[u'channel.sch']
With sheet_id:[u'Channel 1']
05-06 12:56:26 replicate_layout.action_replicate_layout 384:Corresponding footprints are 
[(u'J83', [u'Channel 8']), (u'J73', [u'Channel 7']), (u'J63', [u'Channel 6']), (u'J53', [u'Channel 5']), (u'J43', [u'Channel 4']), (u'J33', [u'Channel 3']), (u'J23', [u'Channel 2']), (u'J8', [u'Channel 1'])]
05-06 12:56:26 replicate_layout.action_replicate_layout 397:Showing dialog
05-06 12:56:26 replicate_layout.replicatelayout 249:construcing a list of sheets suitable for replication on level:u'Channel 1', file:u'channel.sch'
05-06 12:56:26 replicate_layout.replicatelayout 256:Source sheet path up to the level:[u'Channel 1']
05-06 12:56:26 replicate_layout.replicatelayout 260:Footprints on the sheets:
[u'J83', u'J73', u'J63', u'J53', u'J43', u'J33', u'J23', u'J8']
05-06 12:56:26 replicate_layout.replicatelayout 263:Footprints raw sheet ids:
[u'/6137853A/60378FD8', u'/61377C56/60378FD8', u'/61377127/60378FD8', u'/61376894/60378FD8', u'/61375C79/60378FD8', u'/61374DC8/60378FD8', u'/61373C09/60378FD8', u'/6029848C/60378FD8']
05-06 12:56:26 replicate_layout.replicatelayout 279:All sheets to replicate:
[[u'Channel 8'], [u'Channel 7'], [u'Channel 6'], [u'Channel 5'], [u'Channel 4'], [u'Channel 3'], [u'Channel 2'], [u'Channel 1']]
05-06 12:56:26 replicate_layout.replicatelayout 284:All sheets to replicate sorted:
[[u'Channel 1'], [u'Channel 2'], [u'Channel 3'], [u'Channel 4'], [u'Channel 5'], [u'Channel 6'], [u'Channel 7'], [u'Channel 8']]
05-06 12:56:26 replicate_layout.replicatelayout 290:All sheets to replicate sorted and without source sheet:
[[u'Channel 2'], [u'Channel 3'], [u'Channel 4'], [u'Channel 5'], [u'Channel 6'], [u'Channel 7'], [u'Channel 8']]
05-06 12:56:48 replicate_layout.action_replicate_layout 401:Pcbnew position: wx.Point(-8, -8)
05-06 12:56:48 replicate_layout.action_replicate_layout 407:Display 0: wx.Rect(0, 0, 1920, 1080)
05-06 12:56:48 replicate_layout.action_replicate_layout 411:Toolbar position: wx.Point(1722, 121)
05-06 12:56:48 replicate_layout.action_replicate_layout 418:Dialog position: wx.Point(1409, 121)
05-06 12:57:04 replicate_layout.replicatelayout 249:construcing a list of sheets suitable for replication on level:u'Channel 1', file:u'channel.sch'
05-06 12:57:04 replicate_layout.replicatelayout 256:Source sheet path up to the level:[u'Channel 1']
05-06 12:57:04 replicate_layout.replicatelayout 260:Footprints on the sheets:
[u'J83', u'J73', u'J63', u'J53', u'J43', u'J33', u'J23', u'J8']
05-06 12:57:04 replicate_layout.replicatelayout 263:Footprints raw sheet ids:
[u'/6137853A/60378FD8', u'/61377C56/60378FD8', u'/61377127/60378FD8', u'/61376894/60378FD8', u'/61375C79/60378FD8', u'/61374DC8/60378FD8', u'/61373C09/60378FD8', u'/6029848C/60378FD8']
05-06 12:57:04 replicate_layout.replicatelayout 279:All sheets to replicate:
[[u'Channel 8'], [u'Channel 7'], [u'Channel 6'], [u'Channel 5'], [u'Channel 4'], [u'Channel 3'], [u'Channel 2'], [u'Channel 1']]
05-06 12:57:04 replicate_layout.replicatelayout 284:All sheets to replicate sorted:
[[u'Channel 1'], [u'Channel 2'], [u'Channel 3'], [u'Channel 4'], [u'Channel 5'], [u'Channel 6'], [u'Channel 7'], [u'Channel 8']]
05-06 12:57:04 replicate_layout.replicatelayout 290:All sheets to replicate sorted and without source sheet:
[[u'Channel 2'], [u'Channel 3'], [u'Channel 4'], [u'Channel 5'], [u'Channel 6'], [u'Channel 7'], [u'Channel 8']]
05-06 12:57:04 replicate_layout.action_replicate_layout 186:Replicating layout
05-06 12:57:04 replicate_layout.replicatelayout 1002:Starting replication of sheets: [[u'Channel 2'], [u'Channel 3'], [u'Channel 4'], [u'Channel 5'], [u'Channel 6'], [u'Channel 7'], [u'Channel 8']]
on level: [u'Channel 1']
with tracks=True, zone=True, text=True, containing=True, remove=True, locked=False
05-06 12:57:04 root 269:updating GUI message: 'Preparing for replication'
05-06 12:57:04 root 274:updating GUI with: 0
05-06 12:57:04 replicate_layout.replicatelayout 556:Getting the list of source footprints
05-06 12:57:04 replicate_layout.replicatelayout 560:Getting the list of all the remaining footprints
05-06 12:57:04 replicate_layout.replicatelayout 564:Getting nets local to source footprints
05-06 12:57:04 replicate_layout.replicatelayout 568:Getting source bounding box
05-06 12:57:04 root 274:updating GUI with: 37
05-06 12:57:04 replicate_layout.replicatelayout 572:Getting source tracks
05-06 12:57:04 replicate_layout.replicatelayout 576:Getting source zones
05-06 12:57:04 root 274:updating GUI with: 62
05-06 12:57:04 replicate_layout.replicatelayout 580:Getting source text items
05-06 12:57:04 replicate_layout.replicatelayout 584:Getting source text items
05-06 12:57:04 root 274:updating GUI with: 87
05-06 12:57:04 replicate_layout.replicatelayout 1030:Removing tracks and zones, before module placement
05-06 12:57:04 root 269:updating GUI message: 'Removing zones and tracks'
05-06 12:57:05 root 274:updating GUI with: 14
05-06 12:57:05 root 274:updating GUI with: 28
05-06 12:57:06 root 274:updating GUI with: 42
05-06 12:57:07 root 274:updating GUI with: 57
05-06 12:57:07 root 274:updating GUI with: 71
05-06 12:57:07 root 274:updating GUI with: 85
05-06 12:57:08 root 269:updating GUI message: 'Replicating footprints'
05-06 12:57:08 root 274:updating GUI with: 0
05-06 12:57:08 replicate_layout.replicatelayout 590:Replicating footprints
05-06 12:57:08 replicate_layout.replicatelayout 596:Replicating footprints on sheet [u'Channel 2']
05-06 12:57:08 root 274:updating GUI with: 0
05-06 12:57:08 root 274:updating GUI with: 0
05-06 12:57:08 root 274:updating GUI with: 1
05-06 12:57:08 root 274:updating GUI with: 3
05-06 12:57:08 root 274:updating GUI with: 5
05-06 12:57:08 root 274:updating GUI with: 7
05-06 12:57:08 root 274:updating GUI with: 9
05-06 12:57:08 root 274:updating GUI with: 11
05-06 12:57:08 root 274:updating GUI with: 13
05-06 12:57:08 replicate_layout.replicatelayout 596:Replicating footprints on sheet [u'Channel 3']
05-06 12:57:08 root 274:updating GUI with: 14
05-06 12:57:08 root 274:updating GUI with: 16
05-06 12:57:08 root 274:updating GUI with: 17
05-06 12:57:08 root 274:updating GUI with: 20
05-06 12:57:08 root 274:updating GUI with: 21
05-06 12:57:08 root 274:updating GUI with: 23
05-06 12:57:08 root 274:updating GUI with: 25
05-06 12:57:08 root 274:updating GUI with: 27
05-06 12:57:08 replicate_layout.replicatelayout 596:Replicating footprints on sheet [u'Channel 4']
05-06 12:57:08 root 274:updating GUI with: 28
05-06 12:57:08 root 274:updating GUI with: 30
05-06 12:57:08 root 274:updating GUI with: 32
05-06 12:57:08 root 274:updating GUI with: 34
05-06 12:57:08 root 274:updating GUI with: 35
05-06 12:57:08 root 274:updating GUI with: 37
05-06 12:57:08 root 274:updating GUI with: 39
05-06 12:57:08 root 274:updating GUI with: 41
05-06 12:57:08 replicate_layout.replicatelayout 596:Replicating footprints on sheet [u'Channel 5']
05-06 12:57:08 root 274:updating GUI with: 43
05-06 12:57:08 root 274:updating GUI with: 44
05-06 12:57:08 root 274:updating GUI with: 45
05-06 12:57:08 root 274:updating GUI with: 48
05-06 12:57:08 root 274:updating GUI with: 49
05-06 12:57:08 root 274:updating GUI with: 51
05-06 12:57:08 root 274:updating GUI with: 53
05-06 12:57:08 root 274:updating GUI with: 55
05-06 12:57:08 root 274:updating GUI with: 57
05-06 12:57:08 replicate_layout.replicatelayout 596:Replicating footprints on sheet [u'Channel 6']
05-06 12:57:08 root 274:updating GUI with: 57
05-06 12:57:08 root 274:updating GUI with: 59
05-06 12:57:08 root 274:updating GUI with: 61
05-06 12:57:08 root 274:updating GUI with: 63
05-06 12:57:08 root 274:updating GUI with: 64
05-06 12:57:08 root 274:updating GUI with: 66
05-06 12:57:08 root 274:updating GUI with: 68
05-06 12:57:08 root 274:updating GUI with: 70
05-06 12:57:08 replicate_layout.replicatelayout 596:Replicating footprints on sheet [u'Channel 7']
05-06 12:57:08 root 274:updating GUI with: 71
05-06 12:57:08 root 274:updating GUI with: 73
05-06 12:57:08 root 274:updating GUI with: 75
05-06 12:57:08 root 274:updating GUI with: 77
05-06 12:57:08 root 274:updating GUI with: 78
05-06 12:57:08 root 274:updating GUI with: 80
05-06 12:57:08 root 274:updating GUI with: 82
05-06 12:57:08 root 274:updating GUI with: 84
05-06 12:57:08 replicate_layout.replicatelayout 596:Replicating footprints on sheet [u'Channel 8']
05-06 12:57:08 root 274:updating GUI with: 86
05-06 12:57:08 root 274:updating GUI with: 87
05-06 12:57:08 root 274:updating GUI with: 89
05-06 12:57:08 root 274:updating GUI with: 91
05-06 12:57:08 root 274:updating GUI with: 92
05-06 12:57:08 root 274:updating GUI with: 94
05-06 12:57:08 root 274:updating GUI with: 96
05-06 12:57:08 root 274:updating GUI with: 98
05-06 12:57:08 replicate_layout.replicatelayout 1038:Removing tracks and zones, after module placement
05-06 12:57:08 root 269:updating GUI message: 'Removing zones and tracks'
05-06 12:57:09 root 274:updating GUI with: 14
05-06 12:57:09 root 274:updating GUI with: 28
05-06 12:57:09 root 274:updating GUI with: 42
05-06 12:57:09 root 274:updating GUI with: 57
05-06 12:57:10 root 274:updating GUI with: 71
05-06 12:57:10 root 274:updating GUI with: 85
05-06 12:57:10 root 269:updating GUI message: 'Replicating tracks'
05-06 12:57:10 root 274:updating GUI with: 0
05-06 12:57:10 replicate_layout.replicatelayout 720:Replicating tracks
05-06 12:57:10 replicate_layout.replicatelayout 726:Replicating tracks on sheet [u'Channel 2']
05-06 12:57:10 root 274:updating GUI with: 0
05-06 12:57:10 root 274:updating GUI with: 3
05-06 12:57:10 root 274:updating GUI with: 10
05-06 12:57:10 replicate_layout.replicatelayout 726:Replicating tracks on sheet [u'Channel 3']
05-06 12:57:10 root 274:updating GUI with: 14
05-06 12:57:10 root 274:updating GUI with: 18
05-06 12:57:10 root 274:updating GUI with: 26
05-06 12:57:10 replicate_layout.replicatelayout 726:Replicating tracks on sheet [u'Channel 4']
05-06 12:57:10 root 274:updating GUI with: 28
05-06 12:57:10 root 274:updating GUI with: 32
05-06 12:57:10 root 274:updating GUI with: 37
05-06 12:57:10 replicate_layout.replicatelayout 726:Replicating tracks on sheet [u'Channel 5']
05-06 12:57:11 root 274:updating GUI with: 42
05-06 12:57:11 root 274:updating GUI with: 45
05-06 12:57:11 root 274:updating GUI with: 49
05-06 12:57:11 replicate_layout.replicatelayout 726:Replicating tracks on sheet [u'Channel 6']
05-06 12:57:11 root 274:updating GUI with: 57
05-06 12:57:11 root 274:updating GUI with: 60
05-06 12:57:11 root 274:updating GUI with: 63
05-06 12:57:11 root 274:updating GUI with: 69
05-06 12:57:11 replicate_layout.replicatelayout 726:Replicating tracks on sheet [u'Channel 7']
05-06 12:57:11 root 274:updating GUI with: 71
05-06 12:57:11 root 274:updating GUI with: 73
05-06 12:57:11 root 274:updating GUI with: 76
05-06 12:57:11 root 274:updating GUI with: 80
05-06 12:57:11 replicate_layout.replicatelayout 726:Replicating tracks on sheet [u'Channel 8']
05-06 12:57:11 root 274:updating GUI with: 85
05-06 12:57:11 root 274:updating GUI with: 87
05-06 12:57:11 root 274:updating GUI with: 90
05-06 12:57:11 root 274:updating GUI with: 93
05-06 12:57:11 root 274:updating GUI with: 99
05-06 12:57:11 root 269:updating GUI message: 'Replicating zones'
05-06 12:57:11 replicate_layout.replicatelayout 771:Replicating zones
05-06 12:57:11 replicate_layout.replicatelayout 778:Replicating zones on sheet [u'Channel 2']
05-06 12:57:11 root 274:updating GUI with: 7
05-06 12:57:11 replicate_layout.replicatelayout 778:Replicating zones on sheet [u'Channel 3']
05-06 12:57:11 root 274:updating GUI with: 21
05-06 12:57:11 replicate_layout.replicatelayout 778:Replicating zones on sheet [u'Channel 4']
05-06 12:57:11 root 274:updating GUI with: 35
05-06 12:57:11 replicate_layout.replicatelayout 778:Replicating zones on sheet [u'Channel 5']
05-06 12:57:11 root 274:updating GUI with: 50
05-06 12:57:11 replicate_layout.replicatelayout 778:Replicating zones on sheet [u'Channel 6']
05-06 12:57:11 root 274:updating GUI with: 64
05-06 12:57:11 replicate_layout.replicatelayout 778:Replicating zones on sheet [u'Channel 7']
05-06 12:57:11 root 274:updating GUI with: 78
05-06 12:57:11 replicate_layout.replicatelayout 778:Replicating zones on sheet [u'Channel 8']
05-06 12:57:11 root 274:updating GUI with: 92
05-06 12:57:11 root 269:updating GUI message: 'Replicating text'
05-06 12:57:11 replicate_layout.replicatelayout 837:Replicating text
05-06 12:57:11 replicate_layout.replicatelayout 844:Replicating text on sheet [u'Channel 2']
05-06 12:57:11 replicate_layout.replicatelayout 844:Replicating text on sheet [u'Channel 3']
05-06 12:57:11 replicate_layout.replicatelayout 844:Replicating text on sheet [u'Channel 4']
05-06 12:57:11 replicate_layout.replicatelayout 844:Replicating text on sheet [u'Channel 5']
05-06 12:57:11 replicate_layout.replicatelayout 844:Replicating text on sheet [u'Channel 6']
05-06 12:57:11 replicate_layout.replicatelayout 844:Replicating text on sheet [u'Channel 7']
05-06 12:57:11 replicate_layout.replicatelayout 844:Replicating text on sheet [u'Channel 8']
05-06 12:57:11 root 269:updating GUI message: 'Replicating drawings'
05-06 12:57:11 replicate_layout.replicatelayout 868:Replicating drawings
05-06 12:57:11 replicate_layout.replicatelayout 874:Replicating drawings on sheet [u'Channel 2']
05-06 12:57:11 replicate_layout.replicatelayout 874:Replicating drawings on sheet [u'Channel 3']
05-06 12:57:11 replicate_layout.replicatelayout 874:Replicating drawings on sheet [u'Channel 4']
05-06 12:57:11 replicate_layout.replicatelayout 874:Replicating drawings on sheet [u'Channel 5']
05-06 12:57:11 replicate_layout.replicatelayout 874:Replicating drawings on sheet [u'Channel 6']
05-06 12:57:11 replicate_layout.replicatelayout 874:Replicating drawings on sheet [u'Channel 7']
05-06 12:57:11 replicate_layout.replicatelayout 874:Replicating drawings on sheet [u'Channel 8']
05-06 12:57:12 replicate_layout.action_replicate_layout 209:Replication complete
