09-07 12:32:59 replicate_layout.action_replicate_layout 311:Plugin executed on: 'win32'
09-07 12:32:59 replicate_layout.action_replicate_layout 312:Plugin executed with python version: '2.7.18 (default, Apr 20 2020, 16:57:11)  [GCC 9.3.0 64 bit (AMD64)]'
09-07 12:32:59 replicate_layout.action_replicate_layout 313:KiCad build version: (5.1.9)-1
09-07 12:32:59 replicate_layout.action_replicate_layout 314:Replicate layout plugin version: 73 started
09-07 12:32:59 replicate_layout.action_replicate_layout 327:All top level windows titles are:
kicad (5.1.9)-1 c:\users\don\dropbox (partners healthcare)\0 projects\jason shim amp improvement\pcbs\backplane revd2 - snickerdoodle black\backplane.pro

eeschema — amp_board_interface.sch [/amp board 7 interface/] — c:\users\don\dropbox (partners healthcare)\0 projects\jason shim amp improvement\pcbs\backplane revd2 - snickerdoodle black

pcbnew — c:\users\don\dropbox (partners healthcare)\0 projects\jason shim amp improvement\pcbs\backplane revd2 - snickerdoodle black\backplane.kicad_pcb


09-07 12:32:59 replicate_layout.action_replicate_layout 328:All top level windows objects are:
 <wx._windows.Frame; proxy of <Swig Object of type 'wxFrame *' at 0x2dfd810> >
<wx._windows.Frame; proxy of <Swig Object of type 'wxFrame *' at 0x13470d0> >
<wx._windows.Frame; proxy of <Swig Object of type 'wxFrame *' at 0xb907010> >
<wx._windows.Frame; proxy of <Swig Object of type 'wxFrame *' at 0xc2ebc00> >
<wx._windows.Frame; proxy of <Swig Object of type 'wxFrame *' at 0x9f52060> >
<wx._windows.Frame; proxy of <Swig Object of type 'wxFrame *' at 0xc2ea760> >
<wx._windows.Frame; proxy of <Swig Object of type 'wxFrame *' at 0xc2ec9c0> >
09-07 12:32:59 replicate_layout.action_replicate_layout 351:Preparing replicator with J43 as a reference
09-07 12:32:59 replicate_layout.replicatelayout 215:getting project hierarchy from schematics
09-07 12:32:59 replicate_layout.replicatelayout 217:Project hierarchy looks like:
{u'60DE6274': [u'Amp board 5 interface', u'C:\\Users\\Don\\Dropbox (Partners HealthCare)\\0 Projects\\Jason shim amp improvement\\pcbs\\backplane revD2 - snickerdoodle black\\amp_board_interface.sch'], u'60DF5646': [u'Amp board 4 interface', u'C:\\Users\\Don\\Dropbox (Partners HealthCare)\\0 Projects\\Jason shim amp improvement\\pcbs\\backplane revD2 - snickerdoodle black\\amp_board_interface.sch'], u'60E04686': [u'Amp board 3 interface', u'C:\\Users\\Don\\Dropbox (Partners HealthCare)\\0 Projects\\Jason shim amp improvement\\pcbs\\backplane revD2 - snickerdoodle black\\amp_board_interface.sch'], u'60BBCD23': [u'Clock Fanout Buffer', u'C:\\Users\\Don\\Dropbox (Partners HealthCare)\\0 Projects\\Jason shim amp improvement\\pcbs\\backplane revD2 - snickerdoodle black\\fanout_buffer.sch'], u'60DD6A20': [u'Amp board 2 interface', u'C:\\Users\\Don\\Dropbox (Partners HealthCare)\\0 Projects\\Jason shim amp improvement\\pcbs\\backplane revD2 - snickerdoodle black\\amp_board_interface.sch'], u'657A93E5': [u'Activity Indicator (10 Mhz)', u'C:\\Users\\Don\\Dropbox (Partners HealthCare)\\0 Projects\\Jason shim amp improvement\\pcbs\\backplane revD2 - snickerdoodle black\\activity_indicator.sch'], u'60DC7482': [u'Amp board 1 interface', u'C:\\Users\\Don\\Dropbox (Partners HealthCare)\\0 Projects\\Jason shim amp improvement\\pcbs\\backplane revD2 - snickerdoodle black\\amp_board_interface.sch'], u'60E31E4C': [u'Amp board 7 interface', u'C:\\Users\\Don\\Dropbox (Partners HealthCare)\\0 Projects\\Jason shim amp improvement\\pcbs\\backplane revD2 - snickerdoodle black\\amp_board_interface.sch'], u'658858E8': [u'Activitiy Indicator (Rx)', u'C:\\Users\\Don\\Dropbox (Partners HealthCare)\\0 Projects\\Jason shim amp improvement\\pcbs\\backplane revD2 - snickerdoodle black\\activity_indicator.sch'], u'60BFA4D1': [u'LDAC Fanout Buffer', u'C:\\Users\\Don\\Dropbox (Partners HealthCare)\\0 Projects\\Jason shim amp improvement\\pcbs\\backplane revD2 - snickerdoodle black\\fanout_buffer.sch'], u'60AF9C81': [u'FPGA Board, Signal Distribution', u'C:\\Users\\Don\\Dropbox (Partners HealthCare)\\0 Projects\\Jason shim amp improvement\\pcbs\\backplane revD2 - snickerdoodle black\\fpga.sch'], u'60E22C5C': [u'Amp board 6 interface', u'C:\\Users\\Don\\Dropbox (Partners HealthCare)\\0 Projects\\Jason shim amp improvement\\pcbs\\backplane revD2 - snickerdoodle black\\amp_board_interface.sch'], u'5F1EE734': [u'Amp board 0 interface', u'C:\\Users\\Don\\Dropbox (Partners HealthCare)\\0 Projects\\Jason shim amp improvement\\pcbs\\backplane revD2 - snickerdoodle black\\amp_board_interface.sch'], u'65824FBC': [u'Activity Indicator (Trigger)', u'C:\\Users\\Don\\Dropbox (Partners HealthCare)\\0 Projects\\Jason shim amp improvement\\pcbs\\backplane revD2 - snickerdoodle black\\activity_indicator.sch'], u'658BBC8A': [u'Activity Indicator (Tx)', u'C:\\Users\\Don\\Dropbox (Partners HealthCare)\\0 Projects\\Jason shim amp improvement\\pcbs\\backplane revD2 - snickerdoodle black\\activity_indicator.sch']}
09-07 12:32:59 replicate_layout.replicatelayout 225:getting a list of all footprints on board
09-07 12:33:00 replicate_layout.action_replicate_layout 378:source anchor footprint is u'J43'
Located on:[u'Amp board 7 interface']
With filenames:[u'amp_board_interface.sch']
With sheet_id:[u'Amp board 7 interface']
09-07 12:33:00 replicate_layout.action_replicate_layout 382:Corresponding footprints are 
[(u'J43', [u'Amp board 7 interface']), (u'J38', [u'Amp board 6 interface']), (u'J33', [u'Amp board 3 interface']), (u'J28', [u'Amp board 4 interface']), (u'J23', [u'Amp board 5 interface']), (u'J18', [u'Amp board 2 interface']), (u'J13', [u'Amp board 1 interface']), (u'J4', [u'Amp board 0 interface'])]
09-07 12:33:00 replicate_layout.action_replicate_layout 395:Showing dialog
09-07 12:33:00 replicate_layout.replicatelayout 249:construcing a list of sheets suitable for replication on level:u'Amp board 7 interface', file:u'amp_board_interface.sch'
09-07 12:33:00 replicate_layout.replicatelayout 256:Source sheet path up to the level:[u'Amp board 7 interface']
09-07 12:33:00 replicate_layout.replicatelayout 260:Footprints on the sheets:
[u'J43', u'J38', u'J33', u'J28', u'J23', u'J18', u'J13', u'J4']
09-07 12:33:00 replicate_layout.replicatelayout 263:Footprints raw sheet ids:
[u'/60E31E4C/60AFE45A', u'/60E22C5C/60AFE45A', u'/60E04686/60AFE45A', u'/60DF5646/60AFE45A', u'/60DE6274/60AFE45A', u'/60DD6A20/60AFE45A', u'/60DC7482/60AFE45A', u'/5F1EE734/60AFE45A']
09-07 12:33:00 replicate_layout.replicatelayout 279:All sheets to replicate:
[[u'Amp board 7 interface'], [u'Amp board 6 interface'], [u'Amp board 3 interface'], [u'Amp board 4 interface'], [u'Amp board 5 interface'], [u'Amp board 2 interface'], [u'Amp board 1 interface'], [u'Amp board 0 interface']]
09-07 12:33:00 replicate_layout.replicatelayout 284:All sheets to replicate sorted:
[[u'Amp board 0 interface'], [u'Amp board 1 interface'], [u'Amp board 2 interface'], [u'Amp board 3 interface'], [u'Amp board 4 interface'], [u'Amp board 5 interface'], [u'Amp board 6 interface'], [u'Amp board 7 interface']]
09-07 12:33:00 replicate_layout.replicatelayout 290:All sheets to replicate sorted and without source sheet:
[[u'Amp board 0 interface'], [u'Amp board 1 interface'], [u'Amp board 2 interface'], [u'Amp board 3 interface'], [u'Amp board 4 interface'], [u'Amp board 5 interface'], [u'Amp board 6 interface']]
09-07 12:33:07 replicate_layout.action_replicate_layout 399:Pcbnew position: wx.Point(-8, -8)
09-07 12:33:07 replicate_layout.action_replicate_layout 405:Display 0: wx.Rect(0, 0, 1920, 1080)
09-07 12:33:07 replicate_layout.action_replicate_layout 405:Display 1: wx.Rect(1920, 0, 1920, 1080)
09-07 12:33:07 replicate_layout.action_replicate_layout 409:Toolbar position: wx.Point(1722, 121)
09-07 12:33:07 replicate_layout.action_replicate_layout 416:Dialog position: wx.Point(1409, 121)
09-07 12:33:21 replicate_layout.replicatelayout 249:construcing a list of sheets suitable for replication on level:u'Amp board 7 interface', file:u'amp_board_interface.sch'
09-07 12:33:21 replicate_layout.replicatelayout 256:Source sheet path up to the level:[u'Amp board 7 interface']
09-07 12:33:21 replicate_layout.replicatelayout 260:Footprints on the sheets:
[u'J43', u'J38', u'J33', u'J28', u'J23', u'J18', u'J13', u'J4']
09-07 12:33:21 replicate_layout.replicatelayout 263:Footprints raw sheet ids:
[u'/60E31E4C/60AFE45A', u'/60E22C5C/60AFE45A', u'/60E04686/60AFE45A', u'/60DF5646/60AFE45A', u'/60DE6274/60AFE45A', u'/60DD6A20/60AFE45A', u'/60DC7482/60AFE45A', u'/5F1EE734/60AFE45A']
09-07 12:33:21 replicate_layout.replicatelayout 279:All sheets to replicate:
[[u'Amp board 7 interface'], [u'Amp board 6 interface'], [u'Amp board 3 interface'], [u'Amp board 4 interface'], [u'Amp board 5 interface'], [u'Amp board 2 interface'], [u'Amp board 1 interface'], [u'Amp board 0 interface']]
09-07 12:33:21 replicate_layout.replicatelayout 284:All sheets to replicate sorted:
[[u'Amp board 0 interface'], [u'Amp board 1 interface'], [u'Amp board 2 interface'], [u'Amp board 3 interface'], [u'Amp board 4 interface'], [u'Amp board 5 interface'], [u'Amp board 6 interface'], [u'Amp board 7 interface']]
09-07 12:33:21 replicate_layout.replicatelayout 290:All sheets to replicate sorted and without source sheet:
[[u'Amp board 0 interface'], [u'Amp board 1 interface'], [u'Amp board 2 interface'], [u'Amp board 3 interface'], [u'Amp board 4 interface'], [u'Amp board 5 interface'], [u'Amp board 6 interface']]
09-07 12:33:21 replicate_layout.action_replicate_layout 185:Replicating layout
09-07 12:33:21 replicate_layout.replicatelayout 994:Starting replication of sheets: [[u'Amp board 0 interface'], [u'Amp board 1 interface'], [u'Amp board 2 interface'], [u'Amp board 3 interface'], [u'Amp board 4 interface'], [u'Amp board 5 interface'], [u'Amp board 6 interface']]
on level: [u'Amp board 7 interface']
with tracks=True, zone=True, text=False, containing=True, remove=False, locked=False
09-07 12:33:21 root 267:updating GUI message: 'Preparing for replication'
09-07 12:33:21 root 272:updating GUI with: 0
09-07 12:33:21 replicate_layout.replicatelayout 556:Getting the list of source footprints
09-07 12:33:21 replicate_layout.replicatelayout 560:Getting the list of all the remaining footprints
09-07 12:33:21 replicate_layout.replicatelayout 564:Getting nets local to source footprints
09-07 12:33:21 replicate_layout.replicatelayout 568:Getting source bounding box
09-07 12:33:21 root 272:updating GUI with: 37
09-07 12:33:21 replicate_layout.replicatelayout 572:Getting source tracks
09-07 12:33:21 replicate_layout.replicatelayout 576:Getting source zones
09-07 12:33:21 root 272:updating GUI with: 62
09-07 12:33:21 replicate_layout.replicatelayout 580:Getting source text items
09-07 12:33:22 replicate_layout.replicatelayout 584:Getting source text items
09-07 12:33:22 root 272:updating GUI with: 100
09-07 12:33:22 root 267:updating GUI message: 'Replicating footprints'
09-07 12:33:22 replicate_layout.replicatelayout 590:Replicating footprints
09-07 12:33:22 replicate_layout.replicatelayout 596:Replicating footprints on sheet [u'Amp board 0 interface']
09-07 12:33:22 root 272:updating GUI with: 12
09-07 12:33:22 replicate_layout.replicatelayout 596:Replicating footprints on sheet [u'Amp board 1 interface']
09-07 12:33:22 root 272:updating GUI with: 23
09-07 12:33:22 replicate_layout.replicatelayout 596:Replicating footprints on sheet [u'Amp board 2 interface']
09-07 12:33:22 root 272:updating GUI with: 34
09-07 12:33:22 replicate_layout.replicatelayout 596:Replicating footprints on sheet [u'Amp board 3 interface']
09-07 12:33:22 root 272:updating GUI with: 45
09-07 12:33:22 replicate_layout.replicatelayout 596:Replicating footprints on sheet [u'Amp board 4 interface']
09-07 12:33:22 root 272:updating GUI with: 59
09-07 12:33:22 root 272:updating GUI with: 71
09-07 12:33:22 replicate_layout.replicatelayout 596:Replicating footprints on sheet [u'Amp board 5 interface']
09-07 12:33:22 root 272:updating GUI with: 82
09-07 12:33:22 replicate_layout.replicatelayout 596:Replicating footprints on sheet [u'Amp board 6 interface']
09-07 12:33:22 root 272:updating GUI with: 94
09-07 12:33:22 root 267:updating GUI message: 'Replicating tracks'
09-07 12:33:22 replicate_layout.replicatelayout 720:Replicating tracks
09-07 12:33:22 replicate_layout.replicatelayout 726:Replicating tracks on sheet [u'Amp board 0 interface']
09-07 12:33:22 root 272:updating GUI with: 0
09-07 12:33:22 replicate_layout.replicatelayout 726:Replicating tracks on sheet [u'Amp board 1 interface']
09-07 12:33:22 root 272:updating GUI with: 14
09-07 12:33:22 replicate_layout.replicatelayout 726:Replicating tracks on sheet [u'Amp board 2 interface']
09-07 12:33:22 root 272:updating GUI with: 28
09-07 12:33:22 replicate_layout.replicatelayout 726:Replicating tracks on sheet [u'Amp board 3 interface']
09-07 12:33:22 root 272:updating GUI with: 42
09-07 12:33:22 replicate_layout.replicatelayout 726:Replicating tracks on sheet [u'Amp board 4 interface']
09-07 12:33:22 root 272:updating GUI with: 57
09-07 12:33:22 replicate_layout.replicatelayout 726:Replicating tracks on sheet [u'Amp board 5 interface']
09-07 12:33:22 root 272:updating GUI with: 71
09-07 12:33:22 replicate_layout.replicatelayout 726:Replicating tracks on sheet [u'Amp board 6 interface']
09-07 12:33:22 root 272:updating GUI with: 85
09-07 12:33:22 root 267:updating GUI message: 'Replicating zones'
09-07 12:33:22 replicate_layout.replicatelayout 771:Replicating zones
09-07 12:33:22 replicate_layout.replicatelayout 778:Replicating zones on sheet [u'Amp board 0 interface']
09-07 12:33:22 root 272:updating GUI with: 14
09-07 12:33:22 replicate_layout.replicatelayout 778:Replicating zones on sheet [u'Amp board 1 interface']
09-07 12:33:22 replicate_layout.replicatelayout 778:Replicating zones on sheet [u'Amp board 2 interface']
09-07 12:33:22 root 272:updating GUI with: 42
09-07 12:33:22 replicate_layout.replicatelayout 778:Replicating zones on sheet [u'Amp board 3 interface']
09-07 12:33:22 replicate_layout.replicatelayout 778:Replicating zones on sheet [u'Amp board 4 interface']
09-07 12:33:22 root 272:updating GUI with: 71
09-07 12:33:22 replicate_layout.replicatelayout 778:Replicating zones on sheet [u'Amp board 5 interface']
09-07 12:33:22 replicate_layout.replicatelayout 778:Replicating zones on sheet [u'Amp board 6 interface']
09-07 12:33:22 replicate_layout.action_replicate_layout 207:Replication complete
